# Logfile created on 2014-07-09 13:08:36 -0400 by logger.rb/1.2.8
[0;97;49mStarted GET "/" at 2014-07-09 13:08:48 -0400[0m
Detecting locale EN
Found page "Home page" [index]
  Rendered liquid page template
[0;32;49mCompleted 200 OK in 49.8ms

[0m
* Reloaded "site", "content_types", "pages", "snippets", "content_entries", "translations" at 2014-07-09 13:13:46 -0400
* Reloaded "site", "content_types", "pages", "snippets", "content_entries", "translations" at 2014-07-09 13:14:04 -0400
* Reloaded "site", "content_types", "pages", "snippets", "content_entries", "translations" at 2014-07-09 13:14:17 -0400
* Reloaded "site", "content_types", "pages", "snippets", "content_entries", "translations" at 2014-07-09 13:15:37 -0400
* Reloaded "site", "content_types", "pages", "snippets", "content_entries", "translations" at 2014-07-09 13:15:44 -0400
* Reloaded "site", "content_types", "pages", "snippets", "content_entries", "translations" at 2014-07-09 13:16:08 -0400
[0;97;49mStarted GET "/" at 2014-07-09 13:16:37 -0400[0m
Detecting locale EN
Found page "Home page" [index]
  Rendered liquid page template
[0;32;49mCompleted 200 OK in 1.2ms

[0m
* Reloaded "site", "content_types", "pages", "snippets", "content_entries", "translations" at 2014-07-09 13:19:23 -0400
* Reloaded "site", "content_types", "pages", "snippets", "content_entries", "translations" at 2014-07-09 13:19:47 -0400
* Reloaded "site", "content_types", "pages", "snippets", "content_entries", "translations" at 2014-07-09 13:19:59 -0400
* Reloaded "pages", "snippets" at 2014-07-09 13:24:17 -0400
* Reloaded "pages", "snippets" at 2014-07-09 13:30:34 -0400
[0;97;49mStarted GET "/" at 2014-07-09 13:30:47 -0400[0m
Detecting locale EN
Found page "Home" [index]
  Rendered liquid page template
[0;32;49mCompleted 200 OK in 2.8ms

[0m
* Reloaded "pages", "snippets" at 2014-07-09 13:32:08 -0400
[0;97;49mStarted GET "/" at 2014-07-09 13:32:11 -0400[0m
Detecting locale EN
Found page "Home" [index]
  Rendered liquid page template
[0;32;49mCompleted 200 OK in 2.1ms

[0m
* Reloaded "pages", "snippets" at 2014-07-09 13:40:28 -0400
* Reloaded "pages", "snippets" at 2014-07-09 13:40:31 -0400
[0;97;49mStarted GET "/" at 2014-07-09 13:40:38 -0400[0m
Detecting locale EN
Found page "Home" [index]
  Rendered liquid page template
[0;32;49mCompleted 200 OK in 2.1ms

[0m
[0;97;49mStarted GET "/" at 2014-07-09 13:40:40 -0400[0m
Detecting locale EN
Found page "Home" [index]
  Rendered liquid page template
[0;32;49mCompleted 200 OK in 1.8ms

[0m
[0;97;49mStarted GET "/" at 2014-07-09 13:40:41 -0400[0m
Detecting locale EN
Found page "Home" [index]
  Rendered liquid page template
[0;32;49mCompleted 200 OK in 1.7ms

[0m
[0;97;49mStarted GET "/" at 2014-07-09 13:40:42 -0400[0m
Detecting locale EN
Found page "Home" [index]
  Rendered liquid page template
[0;32;49mCompleted 200 OK in 1.7ms

[0m
[0;97;49mStarted GET "/" at 2014-07-09 13:40:42 -0400[0m
Detecting locale EN
Found page "Home" [index]
  Rendered liquid page template
[0;32;49mCompleted 200 OK in 2.4ms

[0m
* Reloaded "pages", "snippets" at 2014-07-09 13:42:21 -0400
[0;97;49mStarted GET "/" at 2014-07-09 13:42:27 -0400[0m
Detecting locale EN
Found page "Home" [index]
  Rendered liquid page template
[0;32;49mCompleted 200 OK in 1.7ms

[0m
[0;97;49mStarted GET "/img/bg.jpg" at 2014-07-09 13:42:27 -0400[0m
Detecting locale EN
[0;32;49mCompleted 404 Not Found in 2.6ms

[0m
* Reloaded "pages", "snippets" at 2014-07-09 13:44:35 -0400
[0;97;49mStarted GET "/" at 2014-07-09 13:44:39 -0400[0m
Detecting locale EN
Found page "Home" [index]
  Rendered liquid page template
[0;32;49mCompleted 200 OK in 1.7ms

[0m
[0;97;49mStarted GET "/img/bg.jpg" at 2014-07-09 13:44:39 -0400[0m
Detecting locale EN
[0;32;49mCompleted 404 Not Found in 2.8ms

[0m
* Reloaded "pages", "snippets" at 2014-07-09 13:52:29 -0400
[0;31;49m      source => You are not allowed to upload "html" files, allowed types: jpg, jpeg, gif, png, css, js, swf, flv, eot, svg, ttf, woff, otf, ico, htc, can't be blank
[0m
* Reloaded "pages", "snippets" at 2014-07-09 14:14:32 -0400
* Reloaded "pages", "snippets" at 2014-07-09 14:14:56 -0400
[0;97;49mStarted GET "/" at 2014-07-09 14:15:01 -0400[0m
Detecting locale EN
Found page "Home" [index]
  Rendered liquid page template
[0;32;49mCompleted 200 OK in 2.4ms

[0m
[0;97;49mStarted GET "/img/bg.jpg" at 2014-07-09 14:15:01 -0400[0m
Detecting locale EN
[0;32;49mCompleted 404 Not Found in 1.9ms

[0m
* Reloaded "pages", "snippets" at 2014-07-09 14:15:33 -0400
* Reloaded "pages", "snippets" at 2014-07-09 14:15:37 -0400
[0;97;49mStarted GET "/" at 2014-07-09 14:15:38 -0400[0m
Detecting locale EN
Found page "Home" [index]
  Rendered liquid page template
[0;32;49mCompleted 200 OK in 2.2ms

[0m
[0;97;49mStarted GET "/img/bg.jpg" at 2014-07-09 14:15:39 -0400[0m
Detecting locale EN
[0;32;49mCompleted 404 Not Found in 2.5ms

[0m
* Reloaded "pages", "snippets" at 2014-07-09 14:18:15 -0400
* Reloaded "pages", "snippets" at 2014-07-09 14:19:48 -0400
* Reloaded "pages", "snippets" at 2014-07-09 14:19:51 -0400
* Reloaded "pages", "snippets" at 2014-07-09 14:20:05 -0400
* Reloaded "pages", "snippets" at 2014-07-09 14:20:08 -0400
[0;97;49mStarted GET "/" at 2014-07-09 14:20:16 -0400[0m
Detecting locale EN
Found page "Home" [index]
  Rendered snippet tail
  Rendered snippet footer
  Rendered liquid page template
[0;32;49mCompleted 200 OK in 12.1ms

[0m
[0;97;49mStarted GET "/img/bg.jpg" at 2014-07-09 14:20:16 -0400[0m
Detecting locale EN
  Rendered snippet tail
  Rendered snippet footer
[0;32;49mCompleted 404 Not Found in 2.5ms

[0m
[0;97;49mStarted GET "/" at 2014-07-09 14:20:18 -0400[0m
Detecting locale EN
Found page "Home" [index]
  Rendered snippet tail
  Rendered snippet footer
  Rendered liquid page template
[0;32;49mCompleted 200 OK in 2.8ms

[0m
[0;97;49mStarted GET "/img/bg.jpg" at 2014-07-09 14:20:18 -0400[0m
Detecting locale EN
  Rendered snippet tail
  Rendered snippet footer
[0;32;49mCompleted 404 Not Found in 2.2ms

[0m
* Reloaded "pages", "snippets" at 2014-07-09 14:21:13 -0400
* Reloaded "pages", "snippets" at 2014-07-09 14:21:36 -0400
* Reloaded "pages", "snippets" at 2014-07-09 14:21:40 -0400
* Reloaded "pages", "snippets" at 2014-07-09 14:22:03 -0400
* Reloaded "pages", "snippets" at 2014-07-09 14:22:16 -0400
* Reloaded "pages", "snippets" at 2014-07-09 14:22:26 -0400
* Reloaded "pages", "snippets" at 2014-07-09 14:22:34 -0400
[0;97;49mStarted GET "/" at 2014-07-09 14:22:36 -0400[0m
Detecting locale EN
Found page "Home" [index]
  Rendered snippet head
  Rendered snippet nav
  Rendered snippet tail
  Rendered snippet footer
  Rendered liquid page template
[0;32;49mCompleted 200 OK in 4.1ms

[0m
[0;97;49mStarted GET "/img/bg.jpg" at 2014-07-09 14:22:36 -0400[0m
Detecting locale EN
  Rendered snippet head
  Rendered snippet nav
  Rendered snippet tail
  Rendered snippet footer
[0;32;49mCompleted 404 Not Found in 2.6ms

[0m
* Reloaded "pages", "snippets" at 2014-07-09 14:23:44 -0400
* Reloaded "pages", "snippets" at 2014-07-09 14:24:01 -0400
* Reloaded "pages", "snippets" at 2014-07-09 14:24:03 -0400
[0;97;49mStarted GET "/" at 2014-07-09 14:24:54 -0400[0m
Detecting locale EN
Found page "Home" [index]
  Rendered snippet head
  Rendered snippet nav
  Rendered snippet tail
  Rendered snippet footer
  Rendered liquid page template
[0;32;49mCompleted 200 OK in 3.3ms

[0m
[0;97;49mStarted GET "/img/bg.jpg" at 2014-07-09 14:24:54 -0400[0m
Detecting locale EN
  Rendered snippet head
  Rendered snippet nav
  Rendered snippet tail
  Rendered snippet footer
[0;32;49mCompleted 404 Not Found in 2.7ms

[0m
* Reloaded "pages", "snippets" at 2014-07-09 14:25:27 -0400
* Reloaded "pages", "snippets" at 2014-07-09 14:25:31 -0400
* Reloaded "pages", "snippets" at 2014-07-09 14:38:36 -0400
* Reloaded "pages", "snippets" at 2014-07-09 14:39:04 -0400
* Reloaded "pages", "snippets" at 2014-07-09 14:39:14 -0400
[0;97;49mStarted GET "/" at 2014-07-09 14:39:17 -0400[0m
Detecting locale EN
Found page "Home" [index]
  Rendered snippet head
  Rendered snippet nav
[0;31;49m[ERROR] Unknown snippet "_index-content" - ./app/views/pages/index.liquid:5:in `Home'
[0m
* Reloaded "pages", "snippets" at 2014-07-09 14:39:47 -0400
[0;97;49mStarted GET "/" at 2014-07-09 14:39:48 -0400[0m
Detecting locale EN
Found page "Home" [index]
  Rendered snippet head
  Rendered snippet nav
[0;31;49m[ERROR] Unknown snippet "_index-content" - ./app/views/pages/index.liquid:5:in `Home'
[0m
* Reloaded "pages", "snippets" at 2014-07-09 14:39:52 -0400
[0;97;49mStarted GET "/" at 2014-07-09 14:39:53 -0400[0m
Detecting locale EN
Found page "Home" [index]
  Rendered snippet head
  Rendered snippet nav
  Rendered snippet index-content
  Rendered snippet tail
  Rendered snippet footer
  Rendered liquid page template
[0;32;49mCompleted 200 OK in 2.9ms

[0m
[0;97;49mStarted GET "/img/bg.jpg" at 2014-07-09 14:39:53 -0400[0m
Detecting locale EN
  Rendered snippet head
  Rendered snippet nav
  Rendered snippet tail
  Rendered snippet footer
[0;32;49mCompleted 404 Not Found in 2.6ms

[0m
[0;97;49mStarted GET "/" at 2014-07-09 14:43:21 -0400[0m
Detecting locale EN
Found page "Home" [index]
  Rendered snippet head
  Rendered snippet nav
  Rendered snippet index-content
  Rendered snippet tail
  Rendered snippet footer
  Rendered liquid page template
[0;32;49mCompleted 200 OK in 3.6ms

[0m
* Reloaded "pages", "snippets" at 2014-07-09 14:44:00 -0400
[0;97;49mStarted GET "/" at 2014-07-09 14:44:01 -0400[0m
Detecting locale EN
Found page "Home" [index]
  Rendered snippet head
  Rendered snippet nav
  Rendered snippet index-content
  Rendered snippet tail
  Rendered snippet footer
  Rendered liquid page template
[0;32;49mCompleted 200 OK in 3.1ms

[0m
* Reloaded "pages", "snippets" at 2014-07-09 14:44:21 -0400
[0;97;49mStarted GET "/" at 2014-07-09 14:44:24 -0400[0m
Detecting locale EN
Found page "Home" [index]
  Rendered snippet head
  Rendered snippet nav
  Rendered snippet index-content
  Rendered snippet tail
  Rendered snippet footer
  Rendered liquid page template
[0;32;49mCompleted 200 OK in 3.6ms

[0m
[0;97;49mStarted GET "/" at 2014-07-09 14:45:43 -0400[0m
Detecting locale EN
Found page "Home" [index]
  Rendered snippet head
  Rendered snippet nav
  Rendered snippet index-content
  Rendered snippet tail
  Rendered snippet footer
  Rendered liquid page template
[0;32;49mCompleted 200 OK in 3.3ms

[0m
* Reloaded "pages", "snippets" at 2014-07-09 16:03:45 -0400
[0;97;49mStarted GET "/" at 2014-07-09 16:03:46 -0400[0m
Detecting locale EN
Found page "Home" [index]
  Rendered snippet head
  Rendered snippet nav
  Rendered snippet index-content
  Rendered snippet tail
  Rendered snippet footer
  Rendered liquid page template
[0;32;49mCompleted 200 OK in 4.8ms

[0m
* Reloaded "pages", "snippets" at 2014-07-09 16:04:03 -0400
[0;97;49mStarted GET "/" at 2014-07-09 16:04:06 -0400[0m
Detecting locale EN
Found page "Home" [index]
  Rendered snippet head
  Rendered snippet nav
  Rendered snippet index-content
  Rendered snippet tail
  Rendered snippet footer
  Rendered liquid page template
[0;32;49mCompleted 200 OK in 2.7ms

[0m
* Reloaded "pages", "snippets" at 2014-07-09 16:06:01 -0400
[0;97;49mStarted GET "/" at 2014-07-09 16:06:05 -0400[0m
Detecting locale EN
Found page "Home" [index]
  Rendered snippet head
  Rendered snippet nav
  Rendered snippet index-content
  Rendered snippet tail
  Rendered snippet footer
  Rendered liquid page template
[0;32;49mCompleted 200 OK in 2.8ms

[0m
* Reloaded "pages", "snippets" at 2014-07-09 16:06:33 -0400
[0;97;49mStarted GET "/" at 2014-07-09 16:06:34 -0400[0m
Detecting locale EN
Found page "Home" [index]
  Rendered snippet head
  Rendered snippet nav
  Rendered snippet index-content
  Rendered snippet tail
  Rendered snippet footer
  Rendered liquid page template
[0;32;49mCompleted 200 OK in 2.6ms

[0m
* Reloaded "pages", "snippets" at 2014-07-09 16:18:32 -0400
[0;97;49mStarted GET "/" at 2014-07-09 16:18:34 -0400[0m
Detecting locale EN
Found page "Home" [index]
  Rendered snippet head
  Rendered snippet nav
  Rendered snippet index-content
  Rendered snippet tail
  Rendered snippet footer
  Rendered liquid page template
[0;32;49mCompleted 200 OK in 2.4ms

[0m
* Reloaded "pages", "snippets" at 2014-07-09 16:20:21 -0400
[0;97;49mStarted GET "/" at 2014-07-09 16:20:25 -0400[0m
Detecting locale EN
Found page "Home" [index]
  Rendered snippet head
  Rendered snippet nav
  Rendered snippet index-content
  Rendered snippet tail
  Rendered snippet footer
  Rendered liquid page template
[0;32;49mCompleted 200 OK in 2.4ms

[0m
* Reloaded "pages", "snippets" at 2014-07-09 16:21:26 -0400
[0;97;49mStarted GET "/" at 2014-07-09 16:21:28 -0400[0m
Detecting locale EN
Found page "Home" [index]
  Rendered snippet head
  Rendered snippet nav
  Rendered snippet index-content
  Rendered snippet tail
  Rendered snippet footer
  Rendered liquid page template
[0;32;49mCompleted 200 OK in 2.7ms

[0m
* Reloaded "pages", "snippets" at 2014-07-09 16:21:35 -0400
[0;97;49mStarted GET "/" at 2014-07-09 16:21:36 -0400[0m
Detecting locale EN
Found page "Home" [index]
  Rendered snippet head
  Rendered snippet nav
  Rendered snippet index-content
  Rendered snippet tail
  Rendered snippet footer
  Rendered liquid page template
[0;32;49mCompleted 200 OK in 2.7ms

[0m
* Reloaded "pages", "snippets" at 2014-07-09 16:21:45 -0400
* Reloaded "pages", "snippets" at 2014-07-09 16:21:47 -0400
[0;97;49mStarted GET "/" at 2014-07-09 16:21:48 -0400[0m
Detecting locale EN
Found page "Home" [index]
  Rendered snippet head
  Rendered snippet nav
  Rendered snippet index-content
  Rendered snippet tail
  Rendered snippet footer
  Rendered liquid page template
[0;32;49mCompleted 200 OK in 2.5ms

[0m
* Reloaded "pages", "snippets" at 2014-07-09 16:22:08 -0400
[0;97;49mStarted GET "/" at 2014-07-09 16:22:08 -0400[0m
Detecting locale EN
Found page "Home" [index]
  Rendered snippet head
  Rendered snippet nav
  Rendered snippet index-content
  Rendered snippet tail
  Rendered snippet footer
  Rendered liquid page template
[0;32;49mCompleted 200 OK in 3.1ms

[0m
[0;97;49mStarted GET "/img/bg.jpg" at 2014-07-09 16:22:14 -0400[0m
Detecting locale EN
  Rendered snippet head
  Rendered snippet nav
  Rendered snippet tail
  Rendered snippet footer
[0;32;49mCompleted 404 Not Found in 2.2ms

[0m
* Reloaded "pages", "snippets" at 2014-07-09 16:25:43 -0400
[0;97;49mStarted GET "/" at 2014-07-09 16:25:48 -0400[0m
Detecting locale EN
Found page "Home" [index]
  Rendered snippet head
  Rendered snippet nav
  Rendered snippet index-content
  Rendered snippet tail
  Rendered snippet footer
  Rendered liquid page template
[0;32;49mCompleted 200 OK in 2.7ms

[0m
* Reloaded "pages", "snippets" at 2014-07-09 16:26:16 -0400
[0;97;49mStarted GET "/" at 2014-07-09 16:26:18 -0400[0m
Detecting locale EN
Found page "Home" [index]
  Rendered snippet head
  Rendered snippet nav
  Rendered snippet index-content
  Rendered snippet tail
  Rendered snippet footer
  Rendered liquid page template
[0;32;49mCompleted 200 OK in 2.6ms

[0m
* Reloaded "pages", "snippets" at 2014-07-09 16:26:25 -0400
[0;97;49mStarted GET "/" at 2014-07-09 16:26:26 -0400[0m
Detecting locale EN
Found page "Home" [index]
  Rendered snippet head
  Rendered snippet nav
  Rendered snippet index-content
  Rendered snippet tail
  Rendered snippet footer
  Rendered liquid page template
[0;32;49mCompleted 200 OK in 3.4ms

[0m
[0;97;49mStarted GET "/" at 2014-07-09 16:27:43 -0400[0m
Detecting locale EN
Found page "Home" [index]
  Rendered snippet head
  Rendered snippet nav
  Rendered snippet index-content
  Rendered snippet tail
  Rendered snippet footer
  Rendered liquid page template
[0;32;49mCompleted 200 OK in 2.6ms

[0m
* Reloaded "pages", "snippets" at 2014-07-09 16:30:08 -0400
[0;97;49mStarted GET "/" at 2014-07-09 16:30:11 -0400[0m
Detecting locale EN
Found page "Home" [index]
  Rendered snippet head
  Rendered snippet nav
  Rendered snippet index-content
  Rendered snippet tail
  Rendered snippet footer
  Rendered liquid page template
[0;32;49mCompleted 200 OK in 3.8ms

[0m
* Reloaded "pages", "snippets" at 2014-07-09 16:30:42 -0400
[0;97;49mStarted GET "/" at 2014-07-09 16:30:43 -0400[0m
Detecting locale EN
Found page "Home" [index]
  Rendered snippet head
  Rendered snippet nav
  Rendered snippet index-content
  Rendered snippet tail
  Rendered snippet footer
  Rendered liquid page template
[0;32;49mCompleted 200 OK in 3.1ms

[0m
* Reloaded "pages", "snippets" at 2014-07-09 16:31:49 -0400
[0;97;49mStarted GET "/" at 2014-07-09 16:31:51 -0400[0m
Detecting locale EN
Found page "Home" [index]
  Rendered snippet head
  Rendered snippet nav
  Rendered snippet index-content
  Rendered snippet tail
  Rendered snippet footer
  Rendered liquid page template
[0;32;49mCompleted 200 OK in 3.3ms

[0m
* Reloaded "pages", "snippets" at 2014-07-09 16:32:09 -0400
[0;97;49mStarted GET "/" at 2014-07-09 16:32:10 -0400[0m
Detecting locale EN
Found page "Home" [index]
  Rendered snippet head
  Rendered snippet nav
  Rendered snippet index-content
  Rendered snippet tail
  Rendered snippet footer
  Rendered liquid page template
[0;32;49mCompleted 200 OK in 3.7ms

[0m
* Reloaded "pages", "snippets" at 2014-07-09 16:40:45 -0400
[0;97;49mStarted GET "/" at 2014-07-09 16:44:14 -0400[0m
Detecting locale EN
Found page "Home" [index]
  Rendered snippet head
  Rendered snippet nav
  Rendered snippet index-content
  Rendered snippet tail
  Rendered snippet footer
  Rendered liquid page template
[0;32;49mCompleted 200 OK in 3.1ms

[0m
* Reloaded "pages", "snippets" at 2014-07-09 16:44:57 -0400
[0;97;49mStarted GET "/" at 2014-07-09 16:44:59 -0400[0m
Detecting locale EN
Found page "Home" [index]
  Rendered snippet head
  Rendered snippet nav
  Rendered snippet index-content
  Rendered snippet tail
  Rendered snippet footer
  Rendered liquid page template
[0;32;49mCompleted 200 OK in 2.5ms

[0m
[0;97;49mStarted GET "/" at 2014-07-09 16:50:58 -0400[0m
Detecting locale EN
Found page "Home" [index]
  Rendered snippet head
  Rendered snippet nav
  Rendered snippet index-content
  Rendered snippet tail
  Rendered snippet footer
  Rendered liquid page template
[0;32;49mCompleted 200 OK in 2.9ms

[0m
[0;97;49mStarted GET "/" at 2014-07-09 16:53:34 -0400[0m
Detecting locale EN
Found page "Home" [index]
  Rendered snippet head
  Rendered snippet nav
  Rendered snippet index-content
  Rendered snippet tail
  Rendered snippet footer
  Rendered liquid page template
[0;32;49mCompleted 200 OK in 2.9ms

[0m
[0;97;49mStarted GET "/" at 2014-07-09 16:55:01 -0400[0m
Detecting locale EN
Found page "Home" [index]
  Rendered snippet head
  Rendered snippet nav
  Rendered snippet index-content
  Rendered snippet tail
  Rendered snippet footer
  Rendered liquid page template
[0;32;49mCompleted 200 OK in 3.4ms

[0m
[0;97;49mStarted GET "/" at 2014-07-09 16:55:48 -0400[0m
Detecting locale EN
Found page "Home" [index]
  Rendered snippet head
  Rendered snippet nav
  Rendered snippet index-content
  Rendered snippet tail
  Rendered snippet footer
  Rendered liquid page template
[0;32;49mCompleted 200 OK in 2.9ms

[0m
[0;97;49mStarted GET "/" at 2014-07-09 16:58:39 -0400[0m
Detecting locale EN
Found page "Home" [index]
  Rendered snippet head
  Rendered snippet nav
  Rendered snippet index-content
  Rendered snippet tail
  Rendered snippet footer
  Rendered liquid page template
[0;32;49mCompleted 200 OK in 2.7ms

[0m
* Reloaded "pages", "snippets" at 2014-07-09 17:01:09 -0400
[0;97;49mStarted GET "/" at 2014-07-09 17:01:12 -0400[0m
Detecting locale EN
Found page "Home" [index]
  Rendered snippet head
  Rendered snippet nav
  Rendered snippet index-content
  Rendered snippet tail
  Rendered snippet footer
  Rendered liquid page template
[0;32;49mCompleted 200 OK in 3.8ms

[0m
[0;97;49mStarted GET "/" at 2014-07-09 17:28:43 -0400[0m
Detecting locale EN
Found page "Home" [index]
  Rendered snippet head
  Rendered snippet nav
  Rendered snippet index-content
  Rendered snippet tail
  Rendered snippet footer
  Rendered liquid page template
[0;32;49mCompleted 200 OK in 2.4ms

[0m
* Reloaded "pages", "snippets" at 2014-07-09 17:29:04 -0400
* Reloaded "pages", "snippets" at 2014-07-09 17:29:06 -0400
[0;97;49mStarted GET "/" at 2014-07-09 17:29:32 -0400[0m
Detecting locale EN
Found page "Home" [index]
  Rendered snippet head
  Rendered snippet nav
  Rendered snippet index-content
  Rendered snippet tail
  Rendered snippet footer
  Rendered liquid page template
[0;32;49mCompleted 200 OK in 3.0ms

[0m
* Reloaded "pages", "snippets" at 2014-07-09 21:15:14 -0400
* Reloaded "pages", "snippets" at 2014-07-09 21:16:08 -0400
* Reloaded "pages", "snippets" at 2014-07-09 21:16:45 -0400
* Reloaded "pages", "snippets" at 2014-07-09 21:17:26 -0400
* Reloaded "pages", "snippets" at 2014-07-09 21:17:53 -0400
* Reloaded "pages", "snippets" at 2014-07-09 21:17:56 -0400
* Reloaded "pages", "snippets" at 2014-07-09 21:18:00 -0400
* Reloaded "pages", "snippets" at 2014-07-09 21:18:08 -0400
[0;97;49mStarted GET "/" at 2014-07-09 21:18:14 -0400[0m
Detecting locale EN
Found page "Home" [index]
  Rendered snippet head
  Rendered snippet nav
  Rendered snippet index-content
  Rendered snippet tail
  Rendered snippet footer
  Rendered liquid page template
[0;32;49mCompleted 200 OK in 4.3ms

[0m
* Reloaded "pages", "snippets" at 2014-07-09 21:21:37 -0400
[0;97;49mStarted GET "/" at 2014-07-09 21:21:40 -0400[0m
Detecting locale EN
Found page "Home" [index]
  Rendered snippet head
  Rendered snippet nav
  Rendered snippet index-content
  Rendered snippet tail
  Rendered snippet footer
  Rendered liquid page template
[0;32;49mCompleted 200 OK in 2.8ms

[0m
[0;97;49mStarted GET "/" at 2014-07-09 21:22:37 -0400[0m
Detecting locale EN
Found page "Home" [index]
  Rendered snippet head
  Rendered snippet nav
  Rendered snippet index-content
  Rendered snippet tail
  Rendered snippet footer
  Rendered liquid page template
[0;32;49mCompleted 200 OK in 2.1ms

[0m
* Reloaded "pages", "snippets" at 2014-07-09 21:24:51 -0400
* Reloaded "pages", "snippets" at 2014-07-09 21:25:08 -0400
* Reloaded "pages", "snippets" at 2014-07-09 21:25:37 -0400
* Reloaded "pages", "snippets" at 2014-07-09 21:25:56 -0400
* Reloaded "pages", "snippets" at 2014-07-09 21:26:10 -0400
* Reloaded "pages", "snippets" at 2014-07-09 21:26:11 -0400
* Reloaded "pages", "snippets" at 2014-07-09 21:26:15 -0400
* Reloaded "pages", "snippets" at 2014-07-09 21:26:45 -0400
* Reloaded "pages", "snippets" at 2014-07-09 21:27:07 -0400
* Reloaded "pages", "snippets" at 2014-07-09 21:27:12 -0400
* Reloaded "pages", "snippets" at 2014-07-09 21:27:22 -0400
* Reloaded "pages", "snippets" at 2014-07-09 21:27:24 -0400
[0;97;49mStarted GET "/" at 2014-07-09 21:27:28 -0400[0m
Detecting locale EN
Found page "Home" [index]
  Rendered snippet head
  Rendered snippet nav
  Rendered snippet index-content
  Rendered snippet tail
  Rendered snippet footer
  Rendered liquid page template
[0;32;49mCompleted 200 OK in 4.1ms

[0m
* Reloaded "pages", "snippets" at 2014-07-09 21:27:42 -0400
[0;97;49mStarted GET "/" at 2014-07-09 21:28:35 -0400[0m
Detecting locale EN
Found page "Home" [index]
  Rendered snippet head
  Rendered snippet nav
  Rendered snippet index-content
  Rendered snippet tail
  Rendered snippet footer
  Rendered liquid page template
[0;32;49mCompleted 200 OK in 2.3ms

[0m
* Reloaded "pages", "snippets" at 2014-07-09 21:29:04 -0400
[0;97;49mStarted GET "/" at 2014-07-09 21:29:09 -0400[0m
Detecting locale EN
Found page "Home" [index]
  Rendered snippet head
  Rendered snippet nav
  Rendered snippet index-content
  Rendered snippet tail
  Rendered snippet footer
  Rendered liquid page template
[0;32;49mCompleted 200 OK in 2.8ms

[0m
[0;97;49mStarted GET "/" at 2014-07-11 11:11:26 -0400[0m
Detecting locale EN
Found page "Home" [index]
  Rendered snippet head
  Rendered snippet nav
  Rendered snippet index-content
  Rendered snippet tail
  Rendered snippet footer
  Rendered liquid page template
[0;32;49mCompleted 200 OK in 66.5ms

[0m
* Reloaded "pages", "snippets" at 2014-07-11 11:15:03 -0400
* Reloaded "pages", "snippets" at 2014-07-11 11:15:26 -0400
[0;97;49mStarted GET "/" at 2014-07-11 11:15:30 -0400[0m
Detecting locale EN
Found page "Home" [index]
  Rendered snippet head
  Rendered snippet nav
  Rendered snippet index-content
  Rendered snippet tail
  Rendered snippet footer
  Rendered liquid page template
[0;32;49mCompleted 200 OK in 3.8ms

[0m
* Reloaded "pages", "snippets" at 2014-07-11 11:16:33 -0400
[0;97;49mStarted GET "/" at 2014-07-11 11:16:35 -0400[0m
Detecting locale EN
Found page "Home" [index]
  Rendered snippet head
  Rendered snippet nav
  Rendered snippet index-content
  Rendered snippet tail
  Rendered snippet footer
  Rendered liquid page template
[0;32;49mCompleted 200 OK in 2.9ms

[0m
* Reloaded "pages", "snippets" at 2014-07-11 11:17:00 -0400
* Reloaded "pages", "snippets" at 2014-07-11 11:17:13 -0400
* Reloaded "pages", "snippets" at 2014-07-11 11:17:46 -0400
* Reloaded "pages", "snippets" at 2014-07-11 11:17:48 -0400
* Reloaded "pages", "snippets" at 2014-07-11 11:17:50 -0400
[0;97;49mStarted GET "/" at 2014-07-11 11:17:51 -0400[0m
Detecting locale EN
Found page "Home" [index]
  Rendered snippet head
  Rendered snippet nav
  Rendered snippet index-content
  Rendered snippet tail
  Rendered snippet footer
  Rendered liquid page template
[0;32;49mCompleted 200 OK in 2.5ms

[0m
* Reloaded "pages", "snippets" at 2014-07-11 11:18:12 -0400
* Reloaded "pages", "snippets" at 2014-07-11 11:18:17 -0400
[0;97;49mStarted GET "/" at 2014-07-11 11:18:17 -0400[0m
Detecting locale EN
Found page "Home" [index]
  Rendered snippet head
  Rendered snippet nav
  Rendered snippet index-content
  Rendered snippet tail
  Rendered snippet footer
  Rendered liquid page template
[0;32;49mCompleted 200 OK in 2.8ms

[0m
* Reloaded "pages", "snippets" at 2014-07-11 11:18:24 -0400
[0;97;49mStarted GET "/" at 2014-07-11 11:18:25 -0400[0m
Detecting locale EN
Found page "Home" [index]
  Rendered snippet head
  Rendered snippet nav
  Rendered snippet index-content
  Rendered snippet tail
  Rendered snippet footer
  Rendered liquid page template
[0;32;49mCompleted 200 OK in 2.2ms

[0m
[0;97;49mStarted GET "/" at 2014-07-11 11:19:24 -0400[0m
Detecting locale EN
Found page "Home" [index]
  Rendered snippet head
  Rendered snippet nav
  Rendered snippet index-content
  Rendered snippet tail
  Rendered snippet footer
  Rendered liquid page template
[0;32;49mCompleted 200 OK in 2.2ms

[0m
* Reloaded "pages", "snippets" at 2014-07-11 11:20:19 -0400
* Reloaded "pages", "snippets" at 2014-07-11 11:21:22 -0400
* Reloaded "pages", "snippets" at 2014-07-11 11:21:25 -0400
* Reloaded "pages", "snippets" at 2014-07-11 11:21:46 -0400
* Reloaded "pages", "snippets" at 2014-07-11 11:21:50 -0400
[0;97;49mStarted GET "/" at 2014-07-11 11:21:52 -0400[0m
Detecting locale EN
Found page "Home" [index]
  Rendered snippet head
  Rendered snippet nav
  Rendered snippet index-content
  Rendered snippet tail
  Rendered snippet footer
  Rendered liquid page template
[0;32;49mCompleted 200 OK in 2.9ms

[0m
* Reloaded "pages", "snippets" at 2014-07-11 11:40:40 -0400
* Reloaded "pages", "snippets" at 2014-07-11 11:41:03 -0400
* Reloaded "pages", "snippets" at 2014-07-11 11:44:04 -0400
* Reloaded "pages", "snippets" at 2014-07-11 11:45:25 -0400
* Reloaded "pages", "snippets" at 2014-07-11 11:45:28 -0400
* Reloaded "pages", "snippets" at 2014-07-11 11:45:31 -0400
* Reloaded "pages", "snippets" at 2014-07-11 11:45:45 -0400
* Reloaded "pages", "snippets" at 2014-07-11 11:46:11 -0400
* Reloaded "pages", "snippets" at 2014-07-11 11:46:18 -0400
* Reloaded "pages", "snippets" at 2014-07-11 11:46:20 -0400
* Reloaded "pages", "snippets" at 2014-07-11 12:00:12 -0400
[0;97;49mStarted GET "/" at 2014-07-11 12:00:16 -0400[0m
Detecting locale EN
Found page "Home" [index]
  Rendered snippet head
  Rendered snippet nav
  Rendered snippet index-content
  Rendered snippet tail
  Rendered snippet footer
  Rendered liquid page template
[0;32;49mCompleted 200 OK in 5.2ms

[0m
* Reloaded "pages", "snippets" at 2014-07-11 12:01:29 -0400
* Reloaded "pages", "snippets" at 2014-07-11 12:04:25 -0400
[0;97;49mStarted GET "/" at 2014-07-11 12:05:40 -0400[0m
Detecting locale EN
Found page "Home" [index]
  Rendered snippet head
  Rendered snippet nav
  Rendered snippet index-content
  Rendered snippet tail
  Rendered snippet footer
  Rendered liquid page template
[0;32;49mCompleted 200 OK in 2.6ms

[0m
[0;97;49mStarted GET "/" at 2014-07-11 12:05:52 -0400[0m
Detecting locale EN
Found page "Home" [index]
  Rendered snippet head
  Rendered snippet nav
  Rendered snippet index-content
  Rendered snippet tail
  Rendered snippet footer
  Rendered liquid page template
[0;32;49mCompleted 200 OK in 4.0ms

[0m
[0;97;49mStarted GET "/" at 2014-07-11 12:07:25 -0400[0m
Detecting locale EN
Found page "Home" [index]
  Rendered snippet head
  Rendered snippet nav
  Rendered snippet index-content
  Rendered snippet tail
  Rendered snippet footer
  Rendered liquid page template
[0;32;49mCompleted 200 OK in 2.3ms

[0m
[0;97;49mStarted GET "/" at 2014-07-11 12:15:27 -0400[0m
Detecting locale EN
Found page "Home" [index]
  Rendered snippet head
  Rendered snippet nav
  Rendered snippet index-content
  Rendered snippet tail
  Rendered snippet footer
  Rendered liquid page template
[0;32;49mCompleted 200 OK in 3.4ms

[0m
* Reloaded "pages", "snippets" at 2014-07-11 12:20:08 -0400
[0;97;49mStarted GET "/" at 2014-07-11 12:20:34 -0400[0m
Detecting locale EN
Found page "Home" [index]
  Rendered snippet head
  Rendered snippet nav
  Rendered snippet index-content
  Rendered snippet tail
  Rendered snippet footer
  Rendered liquid page template
[0;32;49mCompleted 200 OK in 4.4ms

[0m
* Reloaded "pages", "snippets" at 2014-07-11 12:20:59 -0400
* Reloaded "pages", "snippets" at 2014-07-11 12:26:42 -0400
* Reloaded "pages", "snippets" at 2014-07-11 12:26:50 -0400
[0;97;49mStarted GET "/" at 2014-07-11 12:38:36 -0400[0m
Detecting locale EN
Found page "Home" [index]
  Rendered snippet head
  Rendered snippet nav
  Rendered snippet index-content
  Rendered snippet tail
  Rendered snippet footer
  Rendered liquid page template
[0;32;49mCompleted 200 OK in 2.5ms

[0m
* Reloaded "pages", "snippets" at 2014-07-11 12:39:05 -0400
[0;97;49mStarted GET "/" at 2014-07-11 12:39:05 -0400[0m
Detecting locale EN
Found page "Home" [index]
  Rendered snippet head
  Rendered snippet nav
  Rendered snippet index-content
  Rendered snippet tail
  Rendered snippet footer
  Rendered liquid page template
[0;32;49mCompleted 200 OK in 3.7ms

[0m
[0;97;49mStarted GET "/" at 2014-07-11 12:39:17 -0400[0m
Detecting locale EN
Found page "Home" [index]
  Rendered snippet head
  Rendered snippet nav
  Rendered snippet index-content
  Rendered snippet tail
  Rendered snippet footer
  Rendered liquid page template
[0;32;49mCompleted 200 OK in 2.2ms

[0m
[0;97;49mStarted GET "/" at 2014-07-11 12:41:13 -0400[0m
Detecting locale EN
Found page "Home" [index]
  Rendered snippet head
  Rendered snippet nav
  Rendered snippet index-content
  Rendered snippet tail
  Rendered snippet footer
  Rendered liquid page template
[0;32;49mCompleted 200 OK in 3.4ms

[0m
* Reloaded "pages", "snippets" at 2014-07-11 12:45:21 -0400
* Reloaded "pages", "snippets" at 2014-07-11 12:45:23 -0400
[0;97;49mStarted GET "/" at 2014-07-11 12:45:30 -0400[0m
Detecting locale EN
Found page "Home" [index]
  Rendered snippet head
  Rendered snippet nav
  Rendered snippet index-content
  Rendered snippet tail
  Rendered snippet footer
  Rendered liquid page template
[0;32;49mCompleted 200 OK in 2.4ms

[0m
* Reloaded "pages", "snippets" at 2014-07-11 12:52:48 -0400
* Reloaded "pages", "snippets" at 2014-07-11 12:54:53 -0400
* Reloaded "pages", "snippets" at 2014-07-11 12:55:06 -0400
* Reloaded "pages", "snippets" at 2014-07-11 12:55:08 -0400
[0;97;49mStarted GET "/" at 2014-07-11 12:55:26 -0400[0m
Detecting locale EN
Found page "Home" [index]
  Rendered snippet head
  Rendered snippet nav
  Rendered snippet index-content
  Rendered snippet tail
  Rendered snippet footer
  Rendered liquid page template
[0;32;49mCompleted 200 OK in 2.4ms

[0m
* Reloaded "pages", "snippets" at 2014-07-11 12:56:12 -0400
* Reloaded "pages", "snippets" at 2014-07-11 12:56:13 -0400
[0;97;49mStarted GET "/" at 2014-07-11 12:56:15 -0400[0m
Detecting locale EN
Found page "Home" [index]
  Rendered snippet head
  Rendered snippet nav
  Rendered snippet index-content
  Rendered snippet tail
  Rendered snippet footer
  Rendered liquid page template
[0;32;49mCompleted 200 OK in 2.2ms

[0m
* Reloaded "pages", "snippets" at 2014-07-11 13:32:16 -0400
[0;97;49mStarted GET "/" at 2014-07-11 13:35:28 -0400[0m
Detecting locale EN
Found page "Home" [index]
  Rendered snippet head
  Rendered snippet nav
  Rendered snippet index-content
  Rendered snippet tail
  Rendered snippet footer
  Rendered liquid page template
[0;32;49mCompleted 200 OK in 2.1ms

[0m
[0;97;49mStarted GET "/" at 2014-07-11 13:37:07 -0400[0m
Detecting locale EN
Found page "Home" [index]
  Rendered snippet head
  Rendered snippet nav
  Rendered snippet index-content
  Rendered snippet tail
  Rendered snippet footer
  Rendered liquid page template
[0;32;49mCompleted 200 OK in 2.1ms

[0m
* Reloaded "pages", "snippets" at 2014-07-11 14:00:06 -0400
[0;97;49mStarted GET "/" at 2014-07-11 14:00:10 -0400[0m
Detecting locale EN
Found page "Home" [index]
  Rendered snippet head
  Rendered snippet nav
  Rendered snippet index-content
  Rendered snippet tail
  Rendered snippet footer
  Rendered liquid page template
[0;32;49mCompleted 200 OK in 3.0ms

[0m
* Reloaded "pages", "snippets" at 2014-07-11 14:00:48 -0400
* Reloaded "pages", "snippets" at 2014-07-11 14:00:50 -0400
* Reloaded "pages", "snippets" at 2014-07-11 14:01:36 -0400
[0;97;49mStarted GET "/" at 2014-07-11 14:01:45 -0400[0m
Detecting locale EN
Found page "Home" [index]
  Rendered snippet head
  Rendered snippet nav
  Rendered snippet index-content
  Rendered snippet tail
  Rendered snippet footer
  Rendered liquid page template
[0;32;49mCompleted 200 OK in 3.3ms

[0m
* Reloaded "pages", "snippets" at 2014-07-11 14:02:37 -0400
[0;97;49mStarted GET "/" at 2014-07-11 14:02:40 -0400[0m
Detecting locale EN
Found page "Home" [index]
  Rendered snippet head
  Rendered snippet nav
  Rendered snippet index-content
  Rendered snippet tail
  Rendered snippet footer
  Rendered liquid page template
[0;32;49mCompleted 200 OK in 2.5ms

[0m
* Reloaded "pages", "snippets" at 2014-07-11 14:02:59 -0400
[0;97;49mStarted GET "/" at 2014-07-11 14:03:00 -0400[0m
Detecting locale EN
Found page "Home" [index]
  Rendered snippet head
  Rendered snippet nav
  Rendered snippet index-content
  Rendered snippet tail
  Rendered snippet footer
  Rendered liquid page template
[0;32;49mCompleted 200 OK in 2.5ms

[0m
[0;97;49mStarted GET "/" at 2014-07-11 14:03:44 -0400[0m
Detecting locale EN
Found page "Home" [index]
  Rendered snippet head
  Rendered snippet nav
  Rendered snippet index-content
  Rendered snippet tail
  Rendered snippet footer
  Rendered liquid page template
[0;32;49mCompleted 200 OK in 2.3ms

[0m
[0;97;49mStarted GET "/" at 2014-07-11 14:03:46 -0400[0m
Detecting locale EN
Found page "Home" [index]
  Rendered snippet head
  Rendered snippet nav
  Rendered snippet index-content
  Rendered snippet tail
  Rendered snippet footer
  Rendered liquid page template
[0;32;49mCompleted 200 OK in 2.6ms

[0m
* Reloaded "pages", "snippets" at 2014-07-11 14:10:37 -0400
* Reloaded "pages", "snippets" at 2014-07-11 14:10:50 -0400
* Reloaded "pages", "snippets" at 2014-07-11 14:11:06 -0400
* Reloaded "pages", "snippets" at 2014-07-11 14:11:11 -0400
* Reloaded "pages", "snippets" at 2014-07-11 14:13:40 -0400
[0;97;49mStarted GET "/" at 2014-07-11 14:14:01 -0400[0m
Detecting locale EN
Found page "Home" [index]
  Rendered snippet head
  Rendered snippet nav
  Rendered snippet index-content
  Rendered snippet tail
  Rendered snippet footer
  Rendered liquid page template
[0;32;49mCompleted 200 OK in 2.7ms

[0m
[0;97;49mStarted GET "/" at 2014-07-11 14:14:24 -0400[0m
Detecting locale EN
Found page "Home" [index]
  Rendered snippet head
  Rendered snippet nav
  Rendered snippet index-content
  Rendered snippet tail
  Rendered snippet footer
  Rendered liquid page template
[0;32;49mCompleted 200 OK in 2.8ms

[0m
* Reloaded "pages", "snippets" at 2014-07-11 14:14:57 -0400
[0;97;49mStarted GET "/" at 2014-07-11 14:21:57 -0400[0m
Detecting locale EN
Found page "Home" [index]
  Rendered snippet head
  Rendered snippet nav
  Rendered snippet index-content
  Rendered snippet tail
  Rendered snippet footer
  Rendered liquid page template
[0;32;49mCompleted 200 OK in 3.2ms

[0m
* Reloaded "pages", "snippets" at 2014-07-11 14:22:59 -0400
* Reloaded "pages", "snippets" at 2014-07-11 14:23:16 -0400
* Reloaded "pages", "snippets" at 2014-07-11 14:23:44 -0400
[0;97;49mStarted GET "/" at 2014-07-11 14:23:47 -0400[0m
Detecting locale EN
Found page "Home" [index]
  Rendered snippet head
  Rendered snippet nav
  Rendered snippet index-content
  Rendered snippet tail
  Rendered snippet footer
  Rendered liquid page template
[0;32;49mCompleted 200 OK in 2.4ms

[0m
* Reloaded "pages", "snippets" at 2014-07-11 14:24:05 -0400
[0;97;49mStarted GET "/" at 2014-07-11 14:24:06 -0400[0m
Detecting locale EN
Found page "Home" [index]
  Rendered snippet head
  Rendered snippet nav
  Rendered snippet index-content
  Rendered snippet tail
  Rendered snippet footer
  Rendered liquid page template
[0;32;49mCompleted 200 OK in 2.5ms

[0m
* Reloaded "pages", "snippets" at 2014-07-11 14:26:50 -0400
[0;97;49mStarted GET "/" at 2014-07-11 14:26:51 -0400[0m
Detecting locale EN
Found page "Home" [index]
  Rendered snippet head
  Rendered snippet nav
  Rendered snippet index-content
  Rendered snippet tail
  Rendered snippet footer
  Rendered liquid page template
[0;32;49mCompleted 200 OK in 2.5ms

[0m
* Reloaded "pages", "snippets" at 2014-07-11 14:27:06 -0400
[0;97;49mStarted GET "/" at 2014-07-11 14:27:06 -0400[0m
Detecting locale EN
Found page "Home" [index]
  Rendered snippet head
  Rendered snippet nav
  Rendered snippet index-content
  Rendered snippet tail
  Rendered snippet footer
  Rendered liquid page template
[0;32;49mCompleted 200 OK in 2.4ms

[0m
* Reloaded "pages", "snippets" at 2014-07-11 14:27:15 -0400
* Reloaded "pages", "snippets" at 2014-07-11 14:27:19 -0400
[0;97;49mStarted GET "/" at 2014-07-11 14:27:20 -0400[0m
Detecting locale EN
Found page "Home" [index]
  Rendered snippet head
  Rendered snippet nav
  Rendered snippet index-content
  Rendered snippet tail
  Rendered snippet footer
  Rendered liquid page template
[0;32;49mCompleted 200 OK in 2.5ms

[0m
* Reloaded "pages", "snippets" at 2014-07-11 14:29:07 -0400
* Reloaded "pages", "snippets" at 2014-07-11 14:29:10 -0400
* Reloaded "pages", "snippets" at 2014-07-11 14:29:11 -0400
* Reloaded "pages", "snippets" at 2014-07-11 14:29:17 -0400
* Reloaded "pages", "snippets" at 2014-07-11 14:29:20 -0400
* Reloaded "pages", "snippets" at 2014-07-11 14:29:22 -0400
* Reloaded "pages", "snippets" at 2014-07-11 14:29:40 -0400
* Reloaded "pages", "snippets" at 2014-07-11 14:29:45 -0400
* Reloaded "pages", "snippets" at 2014-07-11 14:29:46 -0400
* Reloaded "pages", "snippets" at 2014-07-11 14:29:49 -0400
[0;97;49mStarted GET "/" at 2014-07-11 14:29:53 -0400[0m
Detecting locale EN
Found page "Home" [index]
  Rendered snippet head
  Rendered snippet nav
  Rendered snippet index-content
  Rendered snippet tail
  Rendered snippet footer
  Rendered liquid page template
[0;32;49mCompleted 200 OK in 2.3ms

[0m
[0;97;49mStarted GET "/" at 2014-07-11 14:31:31 -0400[0m
Detecting locale EN
Found page "Home" [index]
  Rendered snippet head
  Rendered snippet nav
  Rendered snippet index-content
  Rendered snippet tail
  Rendered snippet footer
  Rendered liquid page template
[0;32;49mCompleted 200 OK in 2.4ms

[0m
* Reloaded "pages", "snippets" at 2014-07-11 14:36:37 -0400
* Reloaded "pages", "snippets" at 2014-07-11 14:36:40 -0400
* Reloaded "pages", "snippets" at 2014-07-11 14:36:52 -0400
[0;97;49mStarted GET "/" at 2014-07-11 14:43:44 -0400[0m
Detecting locale EN
Found page "Home" [index]
  Rendered snippet head
  Rendered snippet nav
  Rendered snippet index-content
  Rendered snippet tail
  Rendered snippet footer
  Rendered liquid page template
[0;32;49mCompleted 200 OK in 3.3ms

[0m
[0;97;49mStarted GET "/" at 2014-07-11 15:34:12 -0400[0m
Detecting locale EN
Found page "Home" [index]
  Rendered snippet head
  Rendered snippet nav
  Rendered snippet index-content
  Rendered snippet tail
  Rendered snippet footer
  Rendered liquid page template
[0;32;49mCompleted 200 OK in 6.0ms

[0m
[0;97;49mStarted GET "/" at 2014-07-11 15:34:14 -0400[0m
Detecting locale EN
Found page "Home" [index]
  Rendered snippet head
  Rendered snippet nav
  Rendered snippet index-content
  Rendered snippet tail
  Rendered snippet footer
  Rendered liquid page template
[0;32;49mCompleted 200 OK in 2.5ms

[0m
[0;97;49mStarted GET "/" at 2014-07-11 15:34:35 -0400[0m
Detecting locale EN
Found page "Home" [index]
  Rendered snippet head
  Rendered snippet nav
  Rendered snippet index-content
  Rendered snippet tail
  Rendered snippet footer
  Rendered liquid page template
[0;32;49mCompleted 200 OK in 2.4ms

[0m
* Reloaded "pages", "snippets" at 2014-07-11 15:36:24 -0400
[0;97;49mStarted GET "/" at 2014-07-11 15:36:26 -0400[0m
Detecting locale EN
Found page "Home" [index]
  Rendered snippet head
  Rendered snippet nav
  Rendered snippet index-content
  Rendered snippet tail
  Rendered snippet footer
  Rendered liquid page template
[0;32;49mCompleted 200 OK in 2.4ms

[0m
* Reloaded "pages", "snippets" at 2014-07-11 16:23:10 -0400
[0;97;49mStarted GET "/" at 2014-07-11 16:23:10 -0400[0m
Detecting locale EN
Found page "Home" [index]
  Rendered snippet head
  Rendered snippet nav
  Rendered snippet index-content
  Rendered snippet tail
  Rendered snippet footer
  Rendered liquid page template
[0;32;49mCompleted 200 OK in 2.4ms

[0m
* Reloaded "pages", "snippets" at 2014-07-11 16:24:33 -0400
* Reloaded "pages", "snippets" at 2014-07-11 16:24:42 -0400
[0;97;49mStarted GET "/" at 2014-07-11 16:24:48 -0400[0m
Detecting locale EN
Found page "Home" [index]
  Rendered snippet head
  Rendered snippet nav
  Rendered snippet index-content
  Rendered snippet tail
  Rendered snippet footer
  Rendered liquid page template
[0;32;49mCompleted 200 OK in 2.5ms

[0m
* Reloaded "pages", "snippets" at 2014-07-11 16:27:06 -0400
[0;97;49mStarted GET "/" at 2014-07-11 16:27:09 -0400[0m
Detecting locale EN
Found page "Home" [index]
  Rendered snippet head
  Rendered snippet nav
  Rendered snippet index-content
  Rendered snippet tail
  Rendered snippet footer
  Rendered liquid page template
[0;32;49mCompleted 200 OK in 2.5ms

[0m
* Reloaded "pages", "snippets" at 2014-07-11 16:27:24 -0400
* Reloaded "pages", "snippets" at 2014-07-11 16:27:48 -0400
[0;97;49mStarted GET "/" at 2014-07-11 16:27:49 -0400[0m
Detecting locale EN
Found page "Home" [index]
  Rendered snippet head
  Rendered snippet nav
  Rendered snippet index-content
  Rendered snippet tail
  Rendered snippet footer
  Rendered liquid page template
[0;32;49mCompleted 200 OK in 2.2ms

[0m
* Reloaded "pages", "snippets" at 2014-07-11 16:28:15 -0400
[0;97;49mStarted GET "/" at 2014-07-11 16:28:17 -0400[0m
Detecting locale EN
Found page "Home" [index]
  Rendered snippet head
  Rendered snippet nav
  Rendered snippet index-content
  Rendered snippet tail
  Rendered snippet footer
  Rendered liquid page template
[0;32;49mCompleted 200 OK in 2.2ms

[0m
* Reloaded "pages", "snippets" at 2014-07-11 16:58:47 -0400
* Reloaded "pages", "snippets" at 2014-07-11 16:59:48 -0400
[0;97;49mStarted GET "/" at 2014-07-11 16:59:51 -0400[0m
Detecting locale EN
Found page "Home" [index]
  Rendered snippet head
  Rendered snippet nav
  Rendered snippet index-content
  Rendered snippet tail
  Rendered snippet footer
  Rendered liquid page template
[0;32;49mCompleted 200 OK in 4.2ms

[0m
* Reloaded "pages", "snippets" at 2014-07-11 17:00:07 -0400
[0;97;49mStarted GET "/" at 2014-07-11 17:00:07 -0400[0m
Detecting locale EN
Found page "Home" [index]
  Rendered snippet head
  Rendered snippet nav
  Rendered snippet index-content
  Rendered snippet tail
  Rendered snippet footer
  Rendered liquid page template
[0;32;49mCompleted 200 OK in 2.5ms

[0m
* Reloaded "pages", "snippets" at 2014-07-11 17:00:56 -0400
* Reloaded "pages", "snippets" at 2014-07-11 17:01:01 -0400
* Reloaded "pages", "snippets" at 2014-07-11 17:01:19 -0400
[0;97;49mStarted GET "/" at 2014-07-11 17:01:24 -0400[0m
Detecting locale EN
Found page "Home" [index]
  Rendered snippet head
  Rendered snippet nav
  Rendered snippet index-content
  Rendered snippet tail
  Rendered snippet footer
  Rendered liquid page template
[0;32;49mCompleted 200 OK in 2.8ms

[0m
* Reloaded "pages", "snippets" at 2014-07-11 17:02:18 -0400
[0;97;49mStarted GET "/" at 2014-07-11 17:02:21 -0400[0m
Detecting locale EN
Found page "Home" [index]
  Rendered snippet head
  Rendered snippet nav
  Rendered snippet index-content
  Rendered snippet tail
  Rendered snippet footer
  Rendered liquid page template
[0;32;49mCompleted 200 OK in 2.4ms

[0m
* Reloaded "pages", "snippets" at 2014-07-11 17:04:39 -0400
[0;97;49mStarted GET "/" at 2014-07-11 17:04:41 -0400[0m
Detecting locale EN
Found page "Home" [index]
  Rendered snippet head
  Rendered snippet nav
  Rendered snippet index-content
  Rendered snippet tail
  Rendered snippet footer
  Rendered liquid page template
[0;32;49mCompleted 200 OK in 2.5ms

[0m
[0;97;49mStarted GET "/" at 2014-07-11 17:07:25 -0400[0m
Detecting locale EN
Found page "Home" [index]
  Rendered snippet head
  Rendered snippet nav
  Rendered snippet index-content
  Rendered snippet tail
  Rendered snippet footer
  Rendered liquid page template
[0;32;49mCompleted 200 OK in 3.4ms

[0m
* Reloaded "pages", "snippets" at 2014-07-11 17:07:37 -0400
[0;97;49mStarted GET "/" at 2014-07-11 17:07:37 -0400[0m
Detecting locale EN
Found page "Home" [index]
  Rendered snippet head
  Rendered snippet nav
  Rendered snippet index-content
  Rendered snippet tail
  Rendered snippet footer
  Rendered liquid page template
[0;32;49mCompleted 200 OK in 3.3ms

[0m
[0;97;49mStarted GET "/" at 2014-07-11 17:08:32 -0400[0m
Detecting locale EN
Found page "Home" [index]
  Rendered snippet head
  Rendered snippet nav
  Rendered snippet index-content
  Rendered snippet tail
  Rendered snippet footer
  Rendered liquid page template
[0;32;49mCompleted 200 OK in 4.8ms

[0m
* Reloaded "pages", "snippets" at 2014-07-12 07:43:29 -0400
[0;97;49mStarted GET "/" at 2014-07-12 07:43:45 -0400[0m
Detecting locale EN
Found page "Home" [index]
  Rendered snippet head
  Rendered snippet nav
  Rendered snippet index-content
  Rendered snippet tail
  Rendered snippet footer
  Rendered liquid page template
[0;32;49mCompleted 200 OK in 3.5ms

[0m
* Reloaded "pages", "snippets" at 2014-07-13 17:17:25 -0400
[0;97;49mStarted GET "/" at 2014-07-13 17:17:30 -0400[0m
Detecting locale EN
Found page "Home" [index]
  Rendered snippet head
  Rendered snippet nav
  Rendered snippet index-content
  Rendered snippet tail
  Rendered snippet footer
  Rendered liquid page template
[0;32;49mCompleted 200 OK in 4.0ms

[0m
* Reloaded "pages", "snippets" at 2014-07-13 17:39:03 -0400
[0;97;49mStarted GET "/" at 2014-07-13 17:41:22 -0400[0m
Detecting locale EN
Found page "Home" [index]
  Rendered snippet head
  Rendered snippet nav
  Rendered snippet index-content
  Rendered snippet tail
  Rendered snippet footer
  Rendered liquid page template
[0;32;49mCompleted 200 OK in 2.4ms

[0m
[0;97;49mStarted GET "/" at 2014-07-13 17:42:22 -0400[0m
Detecting locale EN
Found page "Home" [index]
  Rendered snippet head
  Rendered snippet nav
  Rendered snippet index-content
  Rendered snippet tail
  Rendered snippet footer
  Rendered liquid page template
[0;32;49mCompleted 200 OK in 2.3ms

[0m
* Reloaded "pages", "snippets" at 2014-07-13 17:52:42 -0400
[0;97;49mStarted GET "/" at 2014-07-13 17:52:46 -0400[0m
Detecting locale EN
Found page "Home" [index]
  Rendered snippet head
  Rendered snippet nav
  Rendered snippet index-content
  Rendered snippet tail
  Rendered snippet footer
  Rendered liquid page template
[0;32;49mCompleted 200 OK in 3.4ms

[0m
* Reloaded "pages", "snippets" at 2014-07-13 17:53:18 -0400
* Reloaded "pages", "snippets" at 2014-07-13 17:56:27 -0400
[0;97;49mStarted GET "/" at 2014-07-13 17:59:26 -0400[0m
Detecting locale EN
Found page "Home" [index]
  Rendered snippet head
  Rendered snippet nav
  Rendered snippet index-content
  Rendered snippet tail
  Rendered snippet footer
  Rendered liquid page template
[0;32;49mCompleted 200 OK in 2.2ms

[0m
* Reloaded "pages", "snippets" at 2014-07-13 18:00:46 -0400
[0;97;49mStarted GET "/" at 2014-07-13 18:00:46 -0400[0m
Detecting locale EN
Found page "Home" [index]
  Rendered snippet head
  Rendered snippet nav
  Rendered snippet index-content
  Rendered snippet tail
  Rendered snippet footer
  Rendered liquid page template
[0;32;49mCompleted 200 OK in 3.0ms

[0m
* Reloaded "pages", "snippets" at 2014-07-13 18:00:53 -0400
[0;97;49mStarted GET "/" at 2014-07-13 18:00:55 -0400[0m
Detecting locale EN
Found page "Home" [index]
  Rendered snippet head
  Rendered snippet nav
  Rendered snippet index-content
  Rendered snippet tail
  Rendered snippet footer
  Rendered liquid page template
[0;32;49mCompleted 200 OK in 2.2ms

[0m
[0;97;49mStarted GET "/" at 2014-07-13 18:04:49 -0400[0m
Detecting locale EN
Found page "Home" [index]
  Rendered snippet head
  Rendered snippet nav
  Rendered snippet index-content
  Rendered snippet tail
  Rendered snippet footer
  Rendered liquid page template
[0;32;49mCompleted 200 OK in 2.8ms

[0m
[0;97;49mStarted GET "/" at 2014-07-13 18:04:51 -0400[0m
Detecting locale EN
Found page "Home" [index]
  Rendered snippet head
  Rendered snippet nav
  Rendered snippet index-content
  Rendered snippet tail
  Rendered snippet footer
  Rendered liquid page template
[0;32;49mCompleted 200 OK in 2.2ms

[0m
[0;97;49mStarted GET "/" at 2014-07-13 18:05:20 -0400[0m
Detecting locale EN
Found page "Home" [index]
  Rendered snippet head
  Rendered snippet nav
  Rendered snippet index-content
  Rendered snippet tail
  Rendered snippet footer
  Rendered liquid page template
[0;32;49mCompleted 200 OK in 3.3ms

[0m
[0;97;49mStarted GET "/" at 2014-07-13 18:05:22 -0400[0m
Detecting locale EN
Found page "Home" [index]
  Rendered snippet head
  Rendered snippet nav
  Rendered snippet index-content
  Rendered snippet tail
  Rendered snippet footer
  Rendered liquid page template
[0;32;49mCompleted 200 OK in 3.8ms

[0m
[0;97;49mStarted GET "/" at 2014-07-13 18:05:23 -0400[0m
Detecting locale EN
Found page "Home" [index]
  Rendered snippet head
  Rendered snippet nav
  Rendered snippet index-content
  Rendered snippet tail
  Rendered snippet footer
  Rendered liquid page template
[0;32;49mCompleted 200 OK in 3.5ms

[0m
[0;97;49mStarted GET "/" at 2014-07-13 18:06:06 -0400[0m
Detecting locale EN
Found page "Home" [index]
  Rendered snippet head
  Rendered snippet nav
  Rendered snippet index-content
  Rendered snippet tail
  Rendered snippet footer
  Rendered liquid page template
[0;32;49mCompleted 200 OK in 3.3ms

[0m
* Reloaded "pages", "snippets" at 2014-07-13 18:06:39 -0400
* Reloaded "pages", "snippets" at 2014-07-13 18:06:40 -0400
[0;97;49mStarted GET "/" at 2014-07-13 18:06:41 -0400[0m
Detecting locale EN
Found page "Home" [index]
  Rendered snippet head
  Rendered snippet nav
  Rendered snippet index-content
  Rendered snippet tail
  Rendered snippet footer
  Rendered liquid page template
[0;32;49mCompleted 200 OK in 2.4ms

[0m
* Reloaded "pages", "snippets" at 2014-07-17 09:51:05 -0400
* Reloaded "pages", "snippets" at 2014-07-17 09:51:32 -0400
[0;97;49mStarted GET "/" at 2014-07-17 09:52:26 -0400[0m
Detecting locale EN
Found page "Home" [index]
  Rendered snippet head
  Rendered snippet nav
  Rendered snippet index-content
  Rendered snippet tail
  Rendered snippet footer
  Rendered liquid page template
[0;32;49mCompleted 200 OK in 4.0ms

[0m
[0;97;49mStarted GET "/" at 2014-07-17 09:55:36 -0400[0m
Detecting locale EN
Found page "Home" [index]
  Rendered snippet head
  Rendered snippet nav
  Rendered snippet index-content
  Rendered snippet tail
  Rendered snippet footer
  Rendered liquid page template
[0;32;49mCompleted 200 OK in 2.3ms

[0m
[0;97;49mStarted GET "/" at 2014-07-17 09:55:52 -0400[0m
Detecting locale EN
Found page "Home" [index]
  Rendered snippet head
  Rendered snippet nav
  Rendered snippet index-content
  Rendered snippet tail
  Rendered snippet footer
  Rendered liquid page template
[0;32;49mCompleted 200 OK in 2.2ms

[0m
* Reloaded "pages", "snippets" at 2014-07-17 10:42:35 -0400
[0;97;49mStarted GET "/" at 2014-07-17 10:42:40 -0400[0m
Detecting locale EN
Found page "Home" [index]
  Rendered snippet head
  Rendered snippet nav
  Rendered snippet index-content
  Rendered snippet tail
  Rendered snippet footer
  Rendered liquid page template
[0;32;49mCompleted 200 OK in 4.6ms

[0m
* Reloaded "pages", "snippets" at 2014-07-17 10:42:54 -0400
[0;97;49mStarted GET "/" at 2014-07-17 10:42:56 -0400[0m
Detecting locale EN
Found page "Home" [index]
  Rendered snippet head
  Rendered snippet nav
  Rendered snippet index-content
  Rendered snippet tail
  Rendered snippet footer
  Rendered liquid page template
[0;32;49mCompleted 200 OK in 3.1ms

[0m
[0;97;49mStarted GET "/" at 2014-07-17 10:45:10 -0400[0m
Detecting locale EN
Found page "Home" [index]
  Rendered snippet head
  Rendered snippet nav
  Rendered snippet index-content
  Rendered snippet tail
  Rendered snippet footer
  Rendered liquid page template
[0;32;49mCompleted 200 OK in 3.3ms

[0m
[0;97;49mStarted GET "/" at 2014-07-17 10:45:39 -0400[0m
Detecting locale EN
Found page "Home" [index]
  Rendered snippet head
  Rendered snippet nav
  Rendered snippet index-content
  Rendered snippet tail
  Rendered snippet footer
  Rendered liquid page template
[0;32;49mCompleted 200 OK in 2.8ms

[0m
[0;97;49mStarted GET "/" at 2014-07-17 10:47:28 -0400[0m
Detecting locale EN
Found page "Home" [index]
  Rendered snippet head
  Rendered snippet nav
  Rendered snippet index-content
  Rendered snippet tail
  Rendered snippet footer
  Rendered liquid page template
[0;32;49mCompleted 200 OK in 2.9ms

[0m
* Reloaded "pages", "snippets" at 2014-07-17 10:52:02 -0400
[0;97;49mStarted GET "/" at 2014-07-17 10:52:03 -0400[0m
Detecting locale EN
Found page "Home" [index]
  Rendered snippet head
  Rendered snippet nav
  Rendered snippet index-content
  Rendered snippet tail
  Rendered snippet footer
  Rendered liquid page template
[0;32;49mCompleted 200 OK in 3.7ms

[0m
* Reloaded "pages", "snippets" at 2014-07-17 10:54:36 -0400
[0;97;49mStarted GET "/" at 2014-07-17 10:54:36 -0400[0m
Detecting locale EN
Found page "Home" [index]
  Rendered snippet head
  Rendered snippet nav
  Rendered snippet index-content
  Rendered snippet tail
  Rendered snippet footer
  Rendered liquid page template
[0;32;49mCompleted 200 OK in 3.4ms

[0m
* Reloaded "pages", "snippets" at 2014-07-17 10:54:52 -0400
[0;97;49mStarted GET "/" at 2014-07-17 10:54:52 -0400[0m
Detecting locale EN
Found page "Home" [index]
  Rendered snippet head
  Rendered snippet nav
  Rendered snippet index-content
  Rendered snippet tail
  Rendered snippet footer
  Rendered liquid page template
[0;32;49mCompleted 200 OK in 2.6ms

[0m
* Reloaded "pages", "snippets" at 2014-07-17 10:55:06 -0400
[0;97;49mStarted GET "/" at 2014-07-17 10:55:06 -0400[0m
Detecting locale EN
Found page "Home" [index]
  Rendered snippet head
  Rendered snippet nav
  Rendered snippet index-content
  Rendered snippet tail
  Rendered snippet footer
  Rendered liquid page template
[0;32;49mCompleted 200 OK in 2.9ms

[0m
* Reloaded "pages", "snippets" at 2014-07-17 10:55:50 -0400
[0;97;49mStarted GET "/" at 2014-07-17 10:55:51 -0400[0m
Detecting locale EN
Found page "Home" [index]
  Rendered snippet head
  Rendered snippet nav
  Rendered snippet index-content
  Rendered snippet tail
  Rendered snippet footer
  Rendered liquid page template
[0;32;49mCompleted 200 OK in 3.9ms

[0m
* Reloaded "pages", "snippets" at 2014-07-17 10:57:07 -0400
* Reloaded "pages", "snippets" at 2014-07-17 10:57:10 -0400
[0;97;49mStarted GET "/" at 2014-07-17 10:57:11 -0400[0m
Detecting locale EN
Found page "Home" [index]
  Rendered snippet head
  Rendered snippet nav
  Rendered snippet index-content
  Rendered snippet tail
  Rendered snippet footer
  Rendered liquid page template
[0;32;49mCompleted 200 OK in 2.7ms

[0m
* Reloaded "pages", "snippets" at 2014-07-17 10:57:22 -0400
[0;97;49mStarted GET "/" at 2014-07-17 10:57:23 -0400[0m
Detecting locale EN
Found page "Home" [index]
  Rendered snippet head
  Rendered snippet nav
  Rendered snippet index-content
  Rendered snippet tail
  Rendered snippet footer
  Rendered liquid page template
[0;32;49mCompleted 200 OK in 3.4ms

[0m
* Reloaded "pages", "snippets" at 2014-07-17 10:57:41 -0400
[0;97;49mStarted GET "/" at 2014-07-17 10:57:41 -0400[0m
Detecting locale EN
Found page "Home" [index]
  Rendered snippet head
  Rendered snippet nav
  Rendered snippet index-content
  Rendered snippet tail
  Rendered snippet footer
  Rendered liquid page template
[0;32;49mCompleted 200 OK in 3.6ms

[0m
* Reloaded "pages", "snippets" at 2014-07-17 10:59:30 -0400
[0;97;49mStarted GET "/" at 2014-07-17 10:59:32 -0400[0m
Detecting locale EN
Found page "Home" [index]
  Rendered snippet head
  Rendered snippet nav
  Rendered snippet index-content
  Rendered snippet tail
  Rendered snippet footer
  Rendered liquid page template
[0;32;49mCompleted 200 OK in 4.1ms

[0m
* Reloaded "pages", "snippets" at 2014-07-17 11:02:01 -0400
* Reloaded "pages", "snippets" at 2014-07-17 11:02:12 -0400
* Reloaded "pages", "snippets" at 2014-07-17 11:02:18 -0400
[0;97;49mStarted GET "/" at 2014-07-17 11:02:19 -0400[0m
Detecting locale EN
Found page "Home" [index]
  Rendered snippet head
  Rendered snippet nav
  Rendered snippet index-content
  Rendered snippet tail
  Rendered snippet footer
  Rendered liquid page template
[0;32;49mCompleted 200 OK in 5.0ms

[0m
* Reloaded "pages", "snippets" at 2014-07-17 11:02:50 -0400
* Reloaded "pages", "snippets" at 2014-07-17 11:03:01 -0400
[0;97;49mStarted GET "/" at 2014-07-17 11:03:01 -0400[0m
Detecting locale EN
Found page "Home" [index]
  Rendered snippet head
  Rendered snippet nav
  Rendered snippet index-content
  Rendered snippet tail
  Rendered snippet footer
  Rendered liquid page template
[0;32;49mCompleted 200 OK in 3.6ms

[0m
* Reloaded "pages", "snippets" at 2014-07-17 11:03:23 -0400
[0;97;49mStarted GET "/" at 2014-07-17 11:03:23 -0400[0m
Detecting locale EN
Found page "Home" [index]
  Rendered snippet head
  Rendered snippet nav
  Rendered snippet index-content
  Rendered snippet tail
  Rendered snippet footer
  Rendered liquid page template
[0;32;49mCompleted 200 OK in 2.9ms

[0m
[0;97;49mStarted GET "/" at 2014-07-17 11:04:51 -0400[0m
Detecting locale EN
Found page "Home" [index]
  Rendered snippet head
  Rendered snippet nav
  Rendered snippet index-content
  Rendered snippet tail
  Rendered snippet footer
  Rendered liquid page template
[0;32;49mCompleted 200 OK in 5.0ms

[0m
* Reloaded "pages", "snippets" at 2014-07-17 11:06:57 -0400
[0;97;49mStarted GET "/" at 2014-07-17 11:06:58 -0400[0m
Detecting locale EN
Found page "Home" [index]
  Rendered snippet head
  Rendered snippet nav
  Rendered snippet index-content
  Rendered snippet tail
  Rendered snippet footer
  Rendered liquid page template
[0;32;49mCompleted 200 OK in 3.1ms

[0m
* Reloaded "pages", "snippets" at 2014-07-17 11:07:07 -0400
[0;97;49mStarted GET "/" at 2014-07-17 11:07:07 -0400[0m
Detecting locale EN
Found page "Home" [index]
  Rendered snippet head
  Rendered snippet nav
  Rendered snippet index-content
  Rendered snippet tail
  Rendered snippet footer
  Rendered liquid page template
[0;32;49mCompleted 200 OK in 2.7ms

[0m
* Reloaded "pages", "snippets" at 2014-07-17 11:08:24 -0400
[0;97;49mStarted GET "/" at 2014-07-17 11:08:24 -0400[0m
Detecting locale EN
Found page "Home" [index]
  Rendered snippet head
  Rendered snippet nav
  Rendered snippet index-content
  Rendered snippet tail
  Rendered snippet footer
  Rendered liquid page template
[0;32;49mCompleted 200 OK in 4.1ms

[0m
* Reloaded "pages", "snippets" at 2014-07-17 11:08:34 -0400
[0;97;49mStarted GET "/" at 2014-07-17 11:08:34 -0400[0m
Detecting locale EN
Found page "Home" [index]
  Rendered snippet head
  Rendered snippet nav
  Rendered snippet index-content
  Rendered snippet tail
  Rendered snippet footer
  Rendered liquid page template
[0;32;49mCompleted 200 OK in 3.6ms

[0m
* Reloaded "pages", "snippets" at 2014-07-17 11:08:41 -0400
* Reloaded "pages", "snippets" at 2014-07-17 11:08:52 -0400
[0;97;49mStarted GET "/" at 2014-07-17 11:08:54 -0400[0m
Detecting locale EN
Found page "Home" [index]
  Rendered snippet head
  Rendered snippet nav
  Rendered snippet index-content
  Rendered snippet tail
  Rendered snippet footer
  Rendered liquid page template
[0;32;49mCompleted 200 OK in 3.7ms

[0m
* Reloaded "pages", "snippets" at 2014-07-17 11:10:48 -0400
[0;97;49mStarted GET "/" at 2014-07-17 11:10:50 -0400[0m
Detecting locale EN
Found page "Home" [index]
  Rendered snippet head
  Rendered snippet nav
  Rendered snippet index-content
  Rendered snippet tail
  Rendered snippet footer
  Rendered liquid page template
[0;32;49mCompleted 200 OK in 4.8ms

[0m
[0;97;49mStarted GET "/" at 2014-07-17 11:11:50 -0400[0m
Detecting locale EN
Found page "Home" [index]
  Rendered snippet head
  Rendered snippet nav
  Rendered snippet index-content
  Rendered snippet tail
  Rendered snippet footer
  Rendered liquid page template
[0;32;49mCompleted 200 OK in 3.3ms

[0m
* Reloaded "pages", "snippets" at 2014-07-17 17:12:14 -0400
* Reloaded "pages", "snippets" at 2014-07-18 09:31:47 -0400
* Reloaded "pages", "snippets" at 2014-07-18 09:32:26 -0400
[0;97;49mStarted GET "/" at 2014-07-18 09:32:33 -0400[0m
Detecting locale EN
Found page "Home" [index]
  Rendered snippet head
  Rendered snippet nav
  Rendered snippet index-content
  Rendered snippet tail
  Rendered snippet footer
  Rendered liquid page template
[0;32;49mCompleted 200 OK in 3.1ms

[0m
* Reloaded "pages", "snippets" at 2014-07-18 09:32:50 -0400
[0;97;49mStarted GET "/" at 2014-07-18 09:32:51 -0400[0m
Detecting locale EN
Found page "Home" [index]
  Rendered snippet head
  Rendered snippet nav
  Rendered snippet index-content
  Rendered snippet tail
  Rendered snippet footer
  Rendered liquid page template
[0;32;49mCompleted 200 OK in 4.5ms

[0m
* Reloaded "pages", "snippets" at 2014-07-18 09:34:15 -0400
* Reloaded "pages", "snippets" at 2014-07-18 09:34:52 -0400
* Reloaded "pages", "snippets" at 2014-07-18 09:34:57 -0400
* Reloaded "pages", "snippets" at 2014-07-18 09:35:06 -0400
* Reloaded "pages", "snippets" at 2014-07-18 09:35:09 -0400
* Reloaded "pages", "snippets" at 2014-07-18 09:35:15 -0400
* Reloaded "pages", "snippets" at 2014-07-18 09:35:26 -0400
* Reloaded "pages", "snippets" at 2014-07-18 09:35:51 -0400
* Reloaded "pages", "snippets" at 2014-07-18 09:36:02 -0400
* Reloaded "pages", "snippets" at 2014-07-18 09:36:06 -0400
* Reloaded "pages", "snippets" at 2014-07-18 09:36:25 -0400
* Reloaded "pages", "snippets" at 2014-07-18 09:36:50 -0400
* Reloaded "pages", "snippets" at 2014-07-18 09:36:58 -0400
* Reloaded "pages", "snippets" at 2014-07-18 09:37:43 -0400
[0;97;49mStarted GET "/" at 2014-07-18 09:37:46 -0400[0m
Detecting locale EN
Found page "Home" [index]
  Rendered snippet head
  Rendered snippet nav
  Rendered snippet index-content
  Rendered snippet tail
  Rendered snippet footer
  Rendered liquid page template
[0;32;49mCompleted 200 OK in 3.1ms

[0m
* Reloaded "pages", "snippets" at 2014-07-18 09:38:33 -0400
* Reloaded "pages", "snippets" at 2014-07-18 09:38:50 -0400
* Reloaded "pages", "snippets" at 2014-07-18 09:39:02 -0400
* Reloaded "pages", "snippets" at 2014-07-18 09:39:11 -0400
[0;97;49mStarted GET "/" at 2014-07-18 09:39:16 -0400[0m
Detecting locale EN
Found page "Home" [index]
  Rendered snippet head
  Rendered snippet nav
  Rendered snippet index-content
  Rendered snippet tail
  Rendered snippet footer
  Rendered liquid page template
[0;32;49mCompleted 200 OK in 2.9ms

[0m
[0;97;49mStarted GET "/" at 2014-07-18 10:23:26 -0400[0m
Detecting locale EN
Found page "Home" [index]
  Rendered snippet head
  Rendered snippet nav
  Rendered snippet index-content
  Rendered snippet tail
  Rendered snippet footer
  Rendered liquid page template
[0;32;49mCompleted 200 OK in 3.7ms

[0m
* Reloaded "pages", "snippets" at 2014-07-18 10:24:56 -0400
* Reloaded "pages", "snippets" at 2014-07-18 10:25:45 -0400
* Reloaded "pages", "snippets" at 2014-07-18 10:25:46 -0400
* Reloaded "pages", "snippets" at 2014-07-18 10:26:27 -0400
* Reloaded "pages", "snippets" at 2014-07-18 10:26:32 -0400
* Reloaded "pages", "snippets" at 2014-07-18 10:26:54 -0400
* Reloaded "pages", "snippets" at 2014-07-18 10:27:08 -0400
* Reloaded "pages", "snippets" at 2014-07-18 10:27:11 -0400
* Reloaded "pages", "snippets" at 2014-07-18 10:27:18 -0400
* Reloaded "pages", "snippets" at 2014-07-18 10:28:08 -0400
* Reloaded "pages", "snippets" at 2014-07-18 10:28:12 -0400
* Reloaded "pages", "snippets" at 2014-07-18 10:28:16 -0400
* Reloaded "pages", "snippets" at 2014-07-18 10:28:25 -0400
* Reloaded "pages", "snippets" at 2014-07-18 10:28:35 -0400
* Reloaded "pages", "snippets" at 2014-07-18 10:29:26 -0400
* Reloaded "pages", "snippets" at 2014-07-18 10:30:35 -0400
* Reloaded "pages", "snippets" at 2014-07-18 10:30:36 -0400
* Reloaded "pages", "snippets" at 2014-07-18 10:30:44 -0400
* Reloaded "pages", "snippets" at 2014-07-18 10:31:56 -0400
* Reloaded "pages", "snippets" at 2014-07-18 10:32:06 -0400
* Reloaded "pages", "snippets" at 2014-07-18 10:32:10 -0400
* Reloaded "pages", "snippets" at 2014-07-18 10:33:00 -0400
* Reloaded "pages", "snippets" at 2014-07-18 10:33:07 -0400
* Reloaded "pages", "snippets" at 2014-07-18 10:33:24 -0400
* Reloaded "pages", "snippets" at 2014-07-18 10:33:49 -0400
* Reloaded "pages", "snippets" at 2014-07-18 10:33:54 -0400
* Reloaded "pages", "snippets" at 2014-07-18 10:34:00 -0400
* Reloaded "pages", "snippets" at 2014-07-18 10:34:47 -0400
* Reloaded "pages", "snippets" at 2014-07-18 10:38:23 -0400
* Reloaded "pages", "snippets" at 2014-07-18 10:39:02 -0400
* Reloaded "pages", "snippets" at 2014-07-18 10:39:14 -0400
* Reloaded "pages", "snippets" at 2014-07-18 10:39:58 -0400
* Reloaded "pages", "snippets" at 2014-07-18 10:40:02 -0400
* Reloaded "pages", "snippets" at 2014-07-18 10:40:07 -0400
* Reloaded "pages", "snippets" at 2014-07-18 10:45:36 -0400
* Reloaded "pages", "snippets" at 2014-07-18 11:00:52 -0400
* Reloaded "pages", "snippets" at 2014-07-18 12:39:29 -0400
* Reloaded "pages", "snippets" at 2014-07-18 12:39:35 -0400
* Reloaded "pages", "snippets" at 2014-07-18 12:40:43 -0400
* Reloaded "pages", "snippets" at 2014-07-18 12:41:57 -0400
* Reloaded "pages", "snippets" at 2014-07-18 12:42:54 -0400
[0;97;49mStarted GET "/" at 2014-07-18 12:43:02 -0400[0m
Detecting locale EN
Found page "Home" [index]
  Rendered snippet head
  Rendered snippet nav
  Rendered snippet index-content
  Rendered snippet tail
  Rendered snippet footer
  Rendered liquid page template
[0;32;49mCompleted 200 OK in 4.6ms

[0m
[0;31;49m      source => You are not allowed to upload "pdf" files, allowed types: jpg, jpeg, gif, png, css, js, swf, flv, eot, svg, ttf, woff, otf, ico, htc, can't be blank
[0m
* Reloaded "pages", "snippets" at 2014-07-18 13:10:56 -0400
[0;97;49mStarted GET "/" at 2014-07-18 13:11:03 -0400[0m
Detecting locale EN
Found page "Home" [index]
  Rendered snippet head
  Rendered snippet nav
  Rendered snippet index-content
  Rendered snippet tail
  Rendered snippet footer
  Rendered liquid page template
[0;32;49mCompleted 200 OK in 2.9ms

[0m
[0;97;49mStarted GET "/" at 2014-07-18 13:12:01 -0400[0m
Detecting locale EN
Found page "Home" [index]
  Rendered snippet head
  Rendered snippet nav
  Rendered snippet index-content
  Rendered snippet tail
  Rendered snippet footer
  Rendered liquid page template
[0;32;49mCompleted 200 OK in 3.1ms

[0m
[0;31;49m      source => You are not allowed to upload "pdf" files, allowed types: jpg, jpeg, gif, png, css, js, swf, flv, eot, svg, ttf, woff, otf, ico, htc, can't be blank
[0m
* Reloaded "pages", "snippets" at 2014-07-18 13:15:46 -0400
* Reloaded "pages", "snippets" at 2014-07-18 13:15:56 -0400
* Reloaded "pages", "snippets" at 2014-07-18 13:15:59 -0400
* Reloaded "pages", "snippets" at 2014-07-18 13:16:06 -0400
[0;97;49mStarted GET "/" at 2014-07-18 13:16:12 -0400[0m
Detecting locale EN
Found page "Home" [index]
  Rendered snippet head
  Rendered snippet nav
  Rendered snippet index-content
  Rendered snippet tail
  Rendered snippet footer
  Rendered liquid page template
[0;32;49mCompleted 200 OK in 4.0ms

[0m
* Reloaded "pages", "snippets" at 2014-07-18 13:16:31 -0400
* Reloaded "pages", "snippets" at 2014-07-18 13:16:37 -0400
* Reloaded "pages", "snippets" at 2014-07-18 13:16:45 -0400
[0;97;49mStarted GET "/" at 2014-07-18 13:17:10 -0400[0m
Detecting locale EN
Found page "Home" [index]
  Rendered snippet head
  Rendered snippet nav
  Rendered snippet index-content
  Rendered snippet tail
  Rendered snippet footer
  Rendered liquid page template
[0;32;49mCompleted 200 OK in 3.4ms

[0m
[0;97;49mStarted GET "/" at 2014-07-18 13:17:37 -0400[0m
Detecting locale EN
Found page "Home" [index]
  Rendered snippet head
  Rendered snippet nav
  Rendered snippet index-content
  Rendered snippet tail
  Rendered snippet footer
  Rendered liquid page template
[0;32;49mCompleted 200 OK in 4.4ms

[0m
[0;97;49mStarted GET "/" at 2014-07-18 13:17:39 -0400[0m
Detecting locale EN
Found page "Home" [index]
  Rendered snippet head
  Rendered snippet nav
  Rendered snippet index-content
  Rendered snippet tail
  Rendered snippet footer
  Rendered liquid page template
[0;32;49mCompleted 200 OK in 3.2ms

[0m
[0;97;49mStarted GET "/" at 2014-07-18 13:17:45 -0400[0m
Detecting locale EN
Found page "Home" [index]
  Rendered snippet head
  Rendered snippet nav
  Rendered snippet index-content
  Rendered snippet tail
  Rendered snippet footer
  Rendered liquid page template
[0;32;49mCompleted 200 OK in 3.2ms

[0m
[0;97;49mStarted GET "/" at 2014-07-18 13:18:41 -0400[0m
Detecting locale EN
Found page "Home" [index]
  Rendered snippet head
  Rendered snippet nav
  Rendered snippet index-content
  Rendered snippet tail
  Rendered snippet footer
  Rendered liquid page template
[0;32;49mCompleted 200 OK in 3.0ms

[0m
* Reloaded "pages", "snippets" at 2014-07-18 13:21:33 -0400
[0;97;49mStarted GET "/" at 2014-07-18 13:21:34 -0400[0m
Detecting locale EN
Found page "Home" [index]
  Rendered snippet head
  Rendered snippet nav
  Rendered snippet index-content
  Rendered snippet tail
  Rendered snippet footer
  Rendered liquid page template
[0;32;49mCompleted 200 OK in 6.1ms

[0m
* Reloaded "pages", "snippets" at 2014-07-18 13:21:51 -0400
[0;97;49mStarted GET "/" at 2014-07-18 13:21:52 -0400[0m
Detecting locale EN
Found page "Home" [index]
  Rendered snippet head
  Rendered snippet nav
  Rendered snippet index-content
  Rendered snippet tail
  Rendered snippet footer
  Rendered liquid page template
[0;32;49mCompleted 200 OK in 3.3ms

[0m
* Reloaded "pages", "snippets" at 2014-07-18 13:23:54 -0400
* Reloaded "pages", "snippets" at 2014-07-18 13:24:07 -0400
* Reloaded "pages", "snippets" at 2014-07-18 13:24:17 -0400
* Reloaded "pages", "snippets" at 2014-07-18 13:24:19 -0400
[0;97;49mStarted GET "/" at 2014-07-18 13:24:20 -0400[0m
Detecting locale EN
Found page "Home" [index]
  Rendered snippet head
  Rendered snippet nav
  Rendered snippet index-content
  Rendered snippet tail
  Rendered snippet footer
  Rendered liquid page template
[0;32;49mCompleted 200 OK in 3.6ms

[0m
[0;97;49mStarted GET "/" at 2014-07-18 16:23:53 -0400[0m
Detecting locale EN
Found page "Home" [index]
  Rendered snippet head
  Rendered snippet nav
  Rendered snippet index-content
  Rendered snippet tail
  Rendered snippet footer
  Rendered liquid page template
[0;32;49mCompleted 200 OK in 42.6ms

[0m
[0;97;49mStarted GET "/" at 2014-07-18 16:35:56 -0400[0m
Detecting locale EN
Found page "Home" [index]
  Rendered snippet head
  Rendered snippet nav
  Rendered snippet index-content
  Rendered snippet tail
  Rendered snippet footer
  Rendered liquid page template
[0;32;49mCompleted 200 OK in 31.0ms

[0m
[0;97;49mStarted GET "/" at 2014-07-18 16:37:20 -0400[0m
Detecting locale EN
Found page "Home" [index]
  Rendered snippet head
  Rendered snippet nav
  Rendered snippet index-content
  Rendered snippet tail
  Rendered snippet footer
  Rendered liquid page template
[0;32;49mCompleted 200 OK in 3.6ms

[0m
* Reloaded "pages", "snippets" at 2014-07-18 16:38:04 -0400
* Reloaded "pages", "snippets" at 2014-07-18 16:38:13 -0400
* Reloaded "pages", "snippets" at 2014-07-18 16:38:14 -0400
* Reloaded "pages", "snippets" at 2014-07-18 16:38:20 -0400
* Reloaded "pages", "snippets" at 2014-07-18 16:38:32 -0400
* Reloaded "pages", "snippets" at 2014-07-18 16:38:39 -0400
* Reloaded "pages", "snippets" at 2014-07-18 16:38:55 -0400
* Reloaded "pages", "snippets" at 2014-07-18 16:39:08 -0400
[0;97;49mStarted GET "/" at 2014-07-18 16:39:10 -0400[0m
Detecting locale EN
Found page "Home" [index]
  Rendered snippet head
  Rendered snippet nav
  Rendered snippet index-content
  Rendered snippet tail
  Rendered snippet footer
  Rendered liquid page template
[0;32;49mCompleted 200 OK in 3.2ms

[0m
